2018-10-04 17:47:54,974 INFO  [Log] $$$$$$$$$$$$$$$$$$$$$        LoginTest  Execution Started       $$$$$$$$$$$$$$$$$$$$$ 
2018-10-04 17:47:55,034 ERROR [Log] java.lang.NullPointerException 
2018-10-04 17:47:55,087 INFO  [Log] Test case failed 
2018-10-04 17:47:55,087 INFO  [Log] $$$$$$$$$$$$$$$$$$$$$        LoginTest  Execution Ended       $$$$$$$$$$$$$$$$$$$$$$$ 
2018-10-04 17:47:55,484 INFO  [Log] Screenshot successfully taken and saved 
2018-10-04 17:47:56,300 INFO  [Log] Driver Quit Successful 
2018-10-04 17:48:54,320 INFO  [Log] $$$$$$$$$$$$$$$$$$$$$        LoginTest  Execution Started       $$$$$$$$$$$$$$$$$$$$$ 
2018-10-04 17:48:54,424 ERROR [Log] java.lang.NullPointerException 
2018-10-04 17:48:54,479 INFO  [Log] Test case failed 
2018-10-04 17:48:54,479 INFO  [Log] $$$$$$$$$$$$$$$$$$$$$        LoginTest  Execution Ended       $$$$$$$$$$$$$$$$$$$$$$$ 
2018-10-04 17:48:54,890 INFO  [Log] Screenshot successfully taken and saved 
2018-10-04 17:48:55,614 INFO  [Log] Driver Quit Successful 
2018-10-04 17:56:00,420 INFO  [Log] $$$$$$$$$$$$$$$$$$$$$        LoginTest  Execution Started       $$$$$$$$$$$$$$$$$$$$$ 
2018-10-04 17:56:00,687 ERROR [Log] java.lang.NullPointerException 
2018-10-04 17:56:00,763 INFO  [Log] Test case failed 
2018-10-04 17:56:00,763 INFO  [Log] $$$$$$$$$$$$$$$$$$$$$        LoginTest  Execution Ended       $$$$$$$$$$$$$$$$$$$$$$$ 
2018-10-04 17:56:01,187 INFO  [Log] Screenshot successfully taken and saved 
2018-10-04 17:56:01,931 INFO  [Log] Driver Quit Successful 
2018-10-04 18:07:51,653 INFO  [Log] $$$$$$$$$$$$$$$$$$$$$        LoginTest  Execution Started       $$$$$$$$$$$$$$$$$$$$$ 
2018-10-04 18:07:51,896 ERROR [Log] java.lang.NullPointerException 
2018-10-04 18:07:51,961 INFO  [Log] Test case failed 
2018-10-04 18:07:51,961 INFO  [Log] $$$$$$$$$$$$$$$$$$$$$        LoginTest  Execution Ended       $$$$$$$$$$$$$$$$$$$$$$$ 
2018-10-04 18:07:52,365 INFO  [Log] Screenshot successfully taken and saved 
2018-10-04 18:07:53,112 INFO  [Log] Driver Quit Successful 
2018-10-04 18:09:44,034 INFO  [Log] $$$$$$$$$$$$$$$$$$$$$        LoginTest  Execution Started       $$$$$$$$$$$$$$$$$$$$$ 
2018-10-04 18:09:44,211 ERROR [Log] java.lang.NullPointerException 
2018-10-04 18:09:44,267 INFO  [Log] Test case failed 
2018-10-04 18:09:44,268 INFO  [Log] $$$$$$$$$$$$$$$$$$$$$        LoginTest  Execution Ended       $$$$$$$$$$$$$$$$$$$$$$$ 
2018-10-04 18:09:44,659 INFO  [Log] Screenshot successfully taken and saved 
2018-10-04 18:09:45,386 INFO  [Log] Driver Quit Successful 
2018-10-04 18:19:51,829 INFO  [Log] $$$$$$$$$$$$$$$$$$$$$        LoginTest  Execution Started       $$$$$$$$$$$$$$$$$$$$$ 
2018-10-04 18:19:51,957 ERROR [Log] java.lang.NullPointerException 
2018-10-04 18:19:52,024 INFO  [Log] Test case failed 
2018-10-04 18:19:52,024 INFO  [Log] $$$$$$$$$$$$$$$$$$$$$        LoginTest  Execution Ended       $$$$$$$$$$$$$$$$$$$$$$$ 
2018-10-04 18:19:52,414 INFO  [Log] Screenshot successfully taken and saved 
2018-10-04 18:19:53,181 INFO  [Log] Driver Quit Successful 
2018-10-04 18:20:43,271 INFO  [Log] $$$$$$$$$$$$$$$$$$$$$        LoginTest  Execution Started       $$$$$$$$$$$$$$$$$$$$$ 
2018-10-04 18:23:31,320 ERROR [Log] java.lang.NullPointerException 
2018-10-04 18:23:31,434 INFO  [Log] Test case failed 
2018-10-04 18:23:31,434 INFO  [Log] $$$$$$$$$$$$$$$$$$$$$        LoginTest  Execution Ended       $$$$$$$$$$$$$$$$$$$$$$$ 
2018-10-04 18:23:31,856 INFO  [Log] Screenshot successfully taken and saved 
2018-10-04 18:23:32,682 INFO  [Log] Driver Quit Successful 
2018-10-04 18:23:48,452 INFO  [Log] $$$$$$$$$$$$$$$$$$$$$        LoginTest  Execution Started       $$$$$$$$$$$$$$$$$$$$$ 
2018-10-04 18:25:22,741 ERROR [Log] java.lang.NullPointerException 
2018-10-04 18:25:22,886 INFO  [Log] Test case failed 
2018-10-04 18:25:22,886 INFO  [Log] $$$$$$$$$$$$$$$$$$$$$        LoginTest  Execution Ended       $$$$$$$$$$$$$$$$$$$$$$$ 
2018-10-04 18:25:23,359 INFO  [Log] Screenshot successfully taken and saved 
2018-10-04 18:25:24,143 INFO  [Log] Driver Quit Successful 
2018-10-04 18:27:57,133 INFO  [Log] $$$$$$$$$$$$$$$$$$$$$        LoginTest  Execution Started       $$$$$$$$$$$$$$$$$$$$$ 
2018-10-04 18:27:57,225 ERROR [Log] java.lang.NullPointerException 
2018-10-04 18:27:57,292 INFO  [Log] Test case failed 
2018-10-04 18:27:57,292 INFO  [Log] $$$$$$$$$$$$$$$$$$$$$        LoginTest  Execution Ended       $$$$$$$$$$$$$$$$$$$$$$$ 
2018-10-04 18:27:57,697 INFO  [Log] Screenshot successfully taken and saved 
2018-10-04 18:27:58,463 INFO  [Log] Driver Quit Successful 
2018-10-05 10:51:56,353 INFO  [Log] $$$$$$$$$$$$$$$$$$$$$        LoginTest  Execution Started       $$$$$$$$$$$$$$$$$$$$$ 
2018-10-05 10:51:56,543 ERROR [Log] java.lang.NullPointerException 
2018-10-05 10:51:56,607 INFO  [Log] Test case failed 
2018-10-05 10:51:56,607 INFO  [Log] $$$$$$$$$$$$$$$$$$$$$        LoginTest  Execution Ended       $$$$$$$$$$$$$$$$$$$$$$$ 
2018-10-05 10:51:56,990 INFO  [Log] Screenshot successfully taken and saved 
2018-10-05 10:51:57,820 INFO  [Log] Driver Quit Successful 
2018-10-05 10:57:03,989 INFO  [Log] $$$$$$$$$$$$$$$$$$$$$        LoginTest  Execution Started       $$$$$$$$$$$$$$$$$$$$$ 
2018-10-05 10:57:04,048 ERROR [Log] java.lang.NullPointerException 
2018-10-05 10:57:04,112 INFO  [Log] Test case failed 
2018-10-05 10:57:04,113 INFO  [Log] $$$$$$$$$$$$$$$$$$$$$        LoginTest  Execution Ended       $$$$$$$$$$$$$$$$$$$$$$$ 
2018-10-05 10:57:04,492 INFO  [Log] Screenshot successfully taken and saved 
2018-10-05 10:57:05,258 INFO  [Log] Driver Quit Successful 
2018-10-05 10:57:40,743 INFO  [Log] $$$$$$$$$$$$$$$$$$$$$        LoginTest  Execution Started       $$$$$$$$$$$$$$$$$$$$$ 
2018-10-05 10:57:40,793 ERROR [Log] java.lang.NullPointerException 
2018-10-05 10:57:40,842 INFO  [Log] Test case failed 
2018-10-05 10:57:40,843 INFO  [Log] $$$$$$$$$$$$$$$$$$$$$        LoginTest  Execution Ended       $$$$$$$$$$$$$$$$$$$$$$$ 
2018-10-05 10:57:41,228 INFO  [Log] Screenshot successfully taken and saved 
2018-10-05 10:57:41,951 INFO  [Log] Driver Quit Successful 
2018-10-05 11:02:33,295 INFO  [Log] $$$$$$$$$$$$$$$$$$$$$        LoginTest  Execution Started       $$$$$$$$$$$$$$$$$$$$$ 
2018-10-05 11:02:33,341 ERROR [Log] java.lang.NullPointerException 
2018-10-05 11:02:33,391 INFO  [Log] Test case failed 
2018-10-05 11:02:33,391 INFO  [Log] $$$$$$$$$$$$$$$$$$$$$        LoginTest  Execution Ended       $$$$$$$$$$$$$$$$$$$$$$$ 
2018-10-05 11:02:33,807 INFO  [Log] Screenshot successfully taken and saved 
2018-10-05 11:02:34,608 INFO  [Log] Driver Quit Successful 
2018-10-05 11:03:09,712 INFO  [Log] $$$$$$$$$$$$$$$$$$$$$        LoginTest  Execution Started       $$$$$$$$$$$$$$$$$$$$$ 
2018-10-05 11:03:09,760 ERROR [Log] java.lang.NullPointerException 
2018-10-05 11:03:09,820 INFO  [Log] Test case failed 
2018-10-05 11:03:09,820 INFO  [Log] $$$$$$$$$$$$$$$$$$$$$        LoginTest  Execution Ended       $$$$$$$$$$$$$$$$$$$$$$$ 
2018-10-05 11:03:10,244 INFO  [Log] Screenshot successfully taken and saved 
2018-10-05 11:03:10,995 INFO  [Log] Driver Quit Successful 
2018-10-05 11:04:02,337 INFO  [Log] $$$$$$$$$$$$$$$$$$$$$        LoginTest  Execution Started       $$$$$$$$$$$$$$$$$$$$$ 
2018-10-05 11:04:02,391 ERROR [Log] java.lang.NullPointerException 
2018-10-05 11:04:02,458 INFO  [Log] Test case failed 
2018-10-05 11:04:02,458 INFO  [Log] $$$$$$$$$$$$$$$$$$$$$        LoginTest  Execution Ended       $$$$$$$$$$$$$$$$$$$$$$$ 
2018-10-05 11:04:02,834 INFO  [Log] Screenshot successfully taken and saved 
2018-10-05 11:04:03,600 INFO  [Log] Driver Quit Successful 
2018-10-05 11:07:18,752 INFO  [Log] $$$$$$$$$$$$$$$$$$$$$        LoginTest  Execution Started       $$$$$$$$$$$$$$$$$$$$$ 
2018-10-05 11:07:18,838 ERROR [Log] java.lang.NullPointerException 
2018-10-05 11:07:18,920 INFO  [Log] Test case failed 
2018-10-05 11:07:18,920 INFO  [Log] $$$$$$$$$$$$$$$$$$$$$        LoginTest  Execution Ended       $$$$$$$$$$$$$$$$$$$$$$$ 
2018-10-05 11:07:19,316 INFO  [Log] Screenshot successfully taken and saved 
2018-10-05 11:07:20,191 INFO  [Log] Driver Quit Successful 
2018-10-05 11:24:32,050 INFO  [Log] $$$$$$$$$$$$$$$$$$$$$        LoginTest  Execution Started       $$$$$$$$$$$$$$$$$$$$$ 
2018-10-05 11:25:24,167 INFO  [Log] $$$$$$$$$$$$$$$$$$$$$        LoginTest  Execution Started       $$$$$$$$$$$$$$$$$$$$$ 
2018-10-05 11:26:07,067 ERROR [Log] org.openqa.selenium.TimeoutException: Expected condition failed: waiting for element to be clickable: By.cssSelector: .jumbotron.text-center>h1>span (tried for 10 second(s) with 500 milliseconds interval) 
2018-10-05 11:26:07,155 INFO  [Log] Test case failed 
2018-10-05 11:26:07,155 INFO  [Log] $$$$$$$$$$$$$$$$$$$$$        LoginTest  Execution Ended       $$$$$$$$$$$$$$$$$$$$$$$ 
2018-10-05 11:26:07,491 INFO  [Log] Screenshot successfully taken and saved 
2018-10-05 11:26:08,270 INFO  [Log] Driver Quit Successful 
2018-10-05 11:38:26,079 INFO  [Log] $$$$$$$$$$$$$$$$$$$$$        LoginTest  Execution Started       $$$$$$$$$$$$$$$$$$$$$ 
2018-10-05 11:39:34,419 INFO  [Log] Test case passed 
2018-10-05 11:39:34,419 INFO  [Log] $$$$$$$$$$$$$$$$$$$$$        LoginTest  Execution Ended       $$$$$$$$$$$$$$$$$$$$$$$ 
2018-10-05 11:39:35,995 INFO  [Log] Driver Quit Successful 
2018-10-05 11:40:12,033 INFO  [Log] $$$$$$$$$$$$$$$$$$$$$        LoginTest  Execution Started       $$$$$$$$$$$$$$$$$$$$$ 
2018-10-05 11:40:55,308 INFO  [Log] Test case passed 
2018-10-05 11:40:55,309 INFO  [Log] $$$$$$$$$$$$$$$$$$$$$        LoginTest  Execution Ended       $$$$$$$$$$$$$$$$$$$$$$$ 
2018-10-05 11:40:56,943 INFO  [Log] Driver Quit Successful 
2018-10-05 11:44:29,541 INFO  [Log] $$$$$$$$$$$$$$$$$$$$$        LoginTest  Execution Started       $$$$$$$$$$$$$$$$$$$$$ 
2018-10-05 11:44:55,669 INFO  [Log] Test case passed 
2018-10-05 11:44:55,670 INFO  [Log] $$$$$$$$$$$$$$$$$$$$$        LoginTest  Execution Ended       $$$$$$$$$$$$$$$$$$$$$$$ 
2018-10-05 11:44:57,484 INFO  [Log] Driver Quit Successful 
